{"logTime": "0220/071414", "correlationVector":"nMyoZvggF1VAF8A3zThgbf.1","action":"SyncServerConnectionManagerRequest", "result":"SYNC_SERVER_OK", "context":{"environment":"Prod_southeastasia_prod-s01-065-apac-southeastasia", "migrationStage":"NotStarted", "server":"akswtt11100001u"}}
{"logTime": "0220/071416", "correlationVector":"nMyoZvggF1VAF8A3zThgbf.2","action":"AAD.Mip.Unpack", "result":"Success", "context":MIP_CLOUD_COMMERCIAL:Success}
{"logTime": "0220/071416", "correlationVector":"nMyoZvggF1VAF8A3zThgbf.3","action":"EncryptionKeysManager::SetEncryptionKeys:", "result":"Success", "context":Key names[4]:[YMs7O8nGSy5IdwHf65F3IvUtqML4LCsmKnXrP3tZLjenNuTWu6EK0FLctf6UFcNX6WibhYpUKm90y9rUTbHX+Q==][boxtZcIU+wjZfk6YDOHyTDXKfTDIsWuB/FLjkJFQ1v2qKrGCdse59kZrSj94tjHEQEhGj8WP2uzznz48aUii3g==][kl5c2yMtYlPf407i+G9z9DvVNuv/vTACifSVeDubIBAOmBQHsf37jlKdYXdO6Cgs4ev6lg9mee9/F6tLtiZNRw==][VvWM+23gP82su6taOH7UCSpx+LrTgHNSe2N5NLXeF34IqdS3b3gRdZtqB97cDvsET8Bi7QA46DLCYXH9yHt9Lw==]}
{"logTime": "0220/071416", "correlationVector":"nMyoZvggF1VAF8A3zThgbf.4","action":"AAD.GetKeyResponse", "result":"Success", "context":Keys=4.LastKeyStatus=Active. 2025-09-02 14:31:38 +07.State=None. Tags: Current_encryption_keys_tag = 77+9C++/vXI277+9AnF277+977+977+9Ju+/ve+/vUwi77+9Be+/vV3vv71Jc++/ve+/vS3vv71wRNyY, Updated_current_encryption_keys_tag = Empty. Emails: ["80542@thaipbs.or.th"]}
{"logTime": "0220/071416", "correlationVector":"nMyoZvggF1VAF8A3zThgbf.5","action":"ProcessGetUpdates", "result":"Done", "context":{"dataType":"Encryption Keys", "deleted":"0", "process_failed_to_decrypt":"0", "process_pending_decryption":"0", "process_success":"1", "total":"1"}}
{"logTime": "0220/071416", "correlationVector":"nMyoZvggF1VAF8A3zThgbf","action":"Initial GetUpdates", "result":"", "context":Reason: NEW_CLIENT. cV=nMyoZvggF1VAF8A3zThgbf}
{"logTime": "0220/071416", "correlationVector":"nMyoZvggF1VAF8A3zThgbf.6","action":"GetUpdates Response", "result":"Success", "context":Received 1 update(s). cV=nMyoZvggF1VAF8A3zThgbf.0;server=akswtt11100001u;cloudType=Multitenant;environment=Prod_southeastasia_prod-s01-065-apac-southeastasia;migrationStage=NotStarted}
{"logTime": "0220/071416", "correlationVector":"fQ0hJYCH6iEz0hqqYf8NBn","action":"Initial GetUpdates", "result":"", "context":Reason: NEW_CLIENT. cV=fQ0hJYCH6iEz0hqqYf8NBn}
{"logTime": "0220/071416", "correlationVector":"fQ0hJYCH6iEz0hqqYf8NBn.1","action":"SyncServerConnectionManagerRequest", "result":"SYNC_SERVER_OK", "context":{"environment":"Prod_southeastasia_prod-s01-065-apac-southeastasia", "migrationStage":"NotStarted", "server":"akswtt11100001v"}}
{"logTime": "0220/071416", "correlationVector":"fQ0hJYCH6iEz0hqqYf8NBn.2","action":"ProcessGetUpdates", "result":"Done", "context":{"dataType":"Preferences", "deleted":"0", "process_failed_to_decrypt":"0", "process_pending_decryption":"0", "process_success":"79", "total":"79"}}
{"logTime": "0220/071416", "correlationVector":"fQ0hJYCH6iEz0hqqYf8NBn.3","action":"ProcessGetUpdates", "result":"Done", "context":{"dataType":"Passwords", "deleted":"0", "process_failed_to_decrypt":"0", "process_pending_decryption":"0", "process_success":"104", "total":"104"}}
{"logTime": "0220/071416", "correlationVector":"fQ0hJYCH6iEz0hqqYf8NBn.4","action":"ProcessGetUpdates", "result":"Done", "context":{"dataType":"Device Info", "deleted":"0", "process_failed_to_decrypt":"0", "process_pending_decryption":"0", "process_success":"10", "total":"10"}}
{"logTime": "0220/071416", "correlationVector":"fQ0hJYCH6iEz0hqqYf8NBn.5","action":"GetUpdates Response", "result":"Success", "context":Received 193 update(s). cV=fQ0hJYCH6iEz0hqqYf8NBn.0;server=akswtt11100001v;cloudType=Multitenant;environment=Prod_southeastasia_prod-s01-065-apac-southeastasia;migrationStage=NotStarted}
{"logTime": "0220/071416", "correlationVector":"ioZ/2kC36w13XzdcrH6rbh","action":"Initial GetUpdates", "result":"", "context":Reason: NEW_CLIENT. cV=ioZ/2kC36w13XzdcrH6rbh}
{"logTime": "0220/071417", "correlationVector":"ioZ/2kC36w13XzdcrH6rbh.1","action":"SyncServerConnectionManagerRequest", "result":"SYNC_SERVER_OK", "context":{"environment":"Prod_southeastasia_prod-s01-065-apac-southeastasia", "migrationStage":"NotStarted", "server":"akswtt111000001"}}
{"logTime": "0220/071417", "correlationVector":"ioZ/2kC36w13XzdcrH6rbh.2","action":"ProcessGetUpdates", "result":"Done", "context":{"dataType":"Bookmarks", "deleted":"0", "process_failed_to_decrypt":"0", "process_pending_decryption":"0", "process_success":"129", "total":"129"}}
{"logTime": "0220/071417", "correlationVector":"ioZ/2kC36w13XzdcrH6rbh.3","action":"GetUpdates Response", "result":"Success", "context":Received 129 update(s). cV=ioZ/2kC36w13XzdcrH6rbh.0;server=akswtt111000001;cloudType=Multitenant;environment=Prod_southeastasia_prod-s01-065-apac-southeastasia;migrationStage=NotStarted}
{"logTime": "0220/071417", "correlationVector":"hSRtBLu42eI/EMUjN7UFOb","action":"Initial GetUpdates", "result":"", "context":Reason: NEW_CLIENT. cV=hSRtBLu42eI/EMUjN7UFOb}
{"logTime": "0220/071417", "correlationVector":"hSRtBLu42eI/EMUjN7UFOb.1","action":"SyncServerConnectionManagerRequest", "result":"SYNC_SERVER_OK", "context":{"environment":"Prod_southeastasia_prod-s01-065-apac-southeastasia", "migrationStage":"NotStarted", "server":"akswtt11100000d"}}
{"logTime": "0220/071417", "correlationVector":"hSRtBLu42eI/EMUjN7UFOb.2","action":"ProcessGetUpdates", "result":"Done", "context":{"dataType":"Autofill", "deleted":"0", "process_failed_to_decrypt":"0", "process_pending_decryption":"0", "process_success":"33", "total":"33"}}
{"logTime": "0220/071417", "correlationVector":"hSRtBLu42eI/EMUjN7UFOb.3","action":"ProcessGetUpdates", "result":"Done", "context":{"dataType":"Extensions", "deleted":"0", "process_failed_to_decrypt":"0", "process_pending_decryption":"0", "process_success":"3", "total":"3"}}
{"logTime": "0220/071417", "correlationVector":"hSRtBLu42eI/EMUjN7UFOb.4","action":"ProcessGetUpdates", "result":"Done", "context":{"dataType":"Sessions", "deleted":"0", "process_failed_to_decrypt":"0", "process_pending_decryption":"0", "process_success":"2", "total":"2"}}
{"logTime": "0220/071417", "correlationVector":"hSRtBLu42eI/EMUjN7UFOb.5","action":"ProcessGetUpdates", "result":"Done", "context":{"dataType":"Edge Hub App Usage", "deleted":"0", "process_failed_to_decrypt":"0", "process_pending_decryption":"0", "process_success":"12", "total":"12"}}
{"logTime": "0220/071417", "correlationVector":"hSRtBLu42eI/EMUjN7UFOb.6","action":"GetUpdates Response", "result":"Success", "context":Received 50 update(s). cV=hSRtBLu42eI/EMUjN7UFOb.0;server=akswtt11100000d;cloudType=Multitenant;environment=Prod_southeastasia_prod-s01-065-apac-southeastasia;migrationStage=NotStarted}
{"logTime": "0220/071417", "correlationVector":"i08nlOALzuKJmRFa+ETZwn","action":"Initial GetUpdates", "result":"", "context":Reason: NEW_CLIENT. cV=i08nlOALzuKJmRFa+ETZwn}
{"logTime": "0220/071417", "correlationVector":"i08nlOALzuKJmRFa+ETZwn.1","action":"SyncServerConnectionManagerRequest", "result":"SYNC_SERVER_OK", "context":{"environment":"Prod_southeastasia_prod-s01-065-apac-southeastasia", "migrationStage":"NotStarted", "server":"akswtt11100001q"}}
{"logTime": "0220/071417", "correlationVector":"i08nlOALzuKJmRFa+ETZwn.2","action":"ProcessGetUpdates", "result":"Done", "context":{"dataType":"History", "deleted":"0", "process_failed_to_decrypt":"0", "process_pending_decryption":"0", "process_success":"250", "total":"250"}}
{"logTime": "0220/071417", "correlationVector":"i08nlOALzuKJmRFa+ETZwn.3","action":"GetUpdates Response", "result":"Success", "context":Received 250 update(s). cV=i08nlOALzuKJmRFa+ETZwn.0;server=akswtt11100001q;cloudType=Multitenant;environment=Prod_southeastasia_prod-s01-065-apac-southeastasia;migrationStage=NotStarted Some updates remain.}
{"logTime": "0220/071417", "correlationVector":"eg7EUPZKSL5N+RNnVzeEtk","action":"Initial GetUpdates", "result":"", "context":Reason: NEW_CLIENT. cV=eg7EUPZKSL5N+RNnVzeEtk}
{"logTime": "0220/071418", "correlationVector":"eg7EUPZKSL5N+RNnVzeEtk.1","action":"SyncServerConnectionManagerRequest", "result":"SYNC_SERVER_OK", "context":{"environment":"Prod_southeastasia_prod-s01-065-apac-southeastasia", "migrationStage":"NotStarted", "server":"akswtt111000010"}}
{"logTime": "0220/071418", "correlationVector":"eg7EUPZKSL5N+RNnVzeEtk.2","action":"ProcessGetUpdates", "result":"Done", "context":{"dataType":"History", "deleted":"0", "process_failed_to_decrypt":"0", "process_pending_decryption":"0", "process_success":"96", "total":"96"}}
{"logTime": "0220/071418", "correlationVector":"eg7EUPZKSL5N+RNnVzeEtk.3","action":"GetUpdates Response", "result":"Success", "context":Received 96 update(s). cV=eg7EUPZKSL5N+RNnVzeEtk.0;server=akswtt111000010;cloudType=Multitenant;environment=Prod_southeastasia_prod-s01-065-apac-southeastasia;migrationStage=NotStarted}
{"logTime": "0220/071418", "correlationVector":"b6whDN9wXSfCigCOoA5t3x","action":"Normal GetUpdate request", "result":"", "context":cV=b6whDN9wXSfCigCOoA5t3x
Nudged types: Sessions, Device Info, User Consents
Refresh requested types: Bookmarks, Preferences, Passwords, Autofill Profiles, Autofill, Extensions, Sessions, Extension settings, History Delete Directives, Device Info, User Consents, Send Tab To Self, Web Apps, History, Saved Tab Group, WebAuthn Credentials, Collection, Edge E Drop, Edge Hub App Usage, Edge Wallet, Edge Workspace, Encryption Keys}
{"logTime": "0220/071419", "correlationVector":"b6whDN9wXSfCigCOoA5t3x.1","action":"SyncServerConnectionManagerRequest", "result":"SYNC_SERVER_OK", "context":{"environment":"Prod_southeastasia_prod-s01-065-apac-southeastasia", "migrationStage":"NotStarted", "server":"akswtt11100000e"}}
{"logTime": "0220/071419", "correlationVector":"b6whDN9wXSfCigCOoA5t3x.2","action":"GetUpdates Response", "result":"Success", "context":Received 0 update(s). cV=b6whDN9wXSfCigCOoA5t3x.0;server=akswtt11100000e;cloudType=Multitenant;environment=Prod_southeastasia_prod-s01-065-apac-southeastasia;migrationStage=NotStarted}
{"logTime": "0220/071419", "correlationVector":"bWMc5RzMboHdFYzHzcOdeZ","action":"DoCompareDataConsistency requsted types: ", "result":"Bookmarks, Preferences, Passwords, Extensions, Extension settings, History Delete Directives, Send Tab To Self, Web Apps, History, Saved Tab Group, WebAuthn Credentials, Collection, Edge E Drop, Edge Wallet, Edge Workspace, Encryption Keys"}
{"logTime": "0220/071419", "correlationVector":"bWMc5RzMboHdFYzHzcOdeZ.0","action":"CompareDataConsistency result: ", "result":"Compare result: Encryption Keys is consistent. local entities count is: 1 local entities hash is: +dKlO6WxErjBPc2IPQppa4BKpZ4="}
{"logTime": "0220/071419", "correlationVector":"bWMc5RzMboHdFYzHzcOdeZ.1","action":"CompareDataConsistency result: ", "result":"Compare result: Bookmarks is consistent. local entities count is: 123 local entities hash is: 4Jt8J8a4rQs3c28qvZklWHQhzm0="}
{"logTime": "0220/071419", "correlationVector":"bWMc5RzMboHdFYzHzcOdeZ.2","action":"CompareDataConsistency result: ", "result":"Compare result: Preferences is consistent. local entities count is: 79 local entities hash is: BtMqcARt2JeULhSV4zqafb+1Nrc="}
{"logTime": "0220/071419", "correlationVector":"bWMc5RzMboHdFYzHzcOdeZ.3","action":"CompareDataConsistency result: ", "result":"Compare result: Passwords is consistent. local entities count is: 104 local entities hash is: 4+tEKYr2iAko6o0quKKGdEXM+Og="}
{"logTime": "0220/071419", "correlationVector":"bWMc5RzMboHdFYzHzcOdeZ.4","action":"CompareDataConsistency result: ", "result":"Compare result: Extensions is consistent. local entities count is: 3 local entities hash is: 1vehLcln7/jcdRCcoRPNN+DaQ9c="}
{"logTime": "0220/071419", "correlationVector":"bWMc5RzMboHdFYzHzcOdeZ.5","action":"CompareDataConsistency result: ", "result":"Compare result: Extension settings is consistent. local entities count is: 0 local entities hash is: "}
{"logTime": "0220/071419", "correlationVector":"bWMc5RzMboHdFYzHzcOdeZ.6","action":"CompareDataConsistency result: ", "result":"Compare result: History Delete Directives is consistent. local entities count is: 0 local entities hash is: "}
{"logTime": "0220/071419", "correlationVector":"bWMc5RzMboHdFYzHzcOdeZ.7","action":"CompareDataConsistency result: ", "result":"Server did not send this Send Tab To Self local entities count is: 0 local entities hash is: "}
{"logTime": "0220/071419", "correlationVector":"bWMc5RzMboHdFYzHzcOdeZ.8","action":"CompareDataConsistency result: ", "result":"Compare result: Web Apps is consistent. local entities count is: 0 local entities hash is: "}
{"logTime": "0220/071419", "correlationVector":"bWMc5RzMboHdFYzHzcOdeZ.9","action":"CompareDataConsistency result: ", "result":"Server did not send this History local entities count is: 0 local entities hash is: "}
{"logTime": "0220/071419", "correlationVector":"bWMc5RzMboHdFYzHzcOdeZ.10","action":"CompareDataConsistency result: ", "result":"Compare result: Saved Tab Group is consistent. local entities count is: 0 local entities hash is: "}
{"logTime": "0220/071419", "correlationVector":"bWMc5RzMboHdFYzHzcOdeZ.11","action":"CompareDataConsistency result: ", "result":"Server did not send this WebAuthn Credentials local entities count is: 0 local entities hash is: "}
{"logTime": "0220/071419", "correlationVector":"bWMc5RzMboHdFYzHzcOdeZ.12","action":"CompareDataConsistency result: ", "result":"Compare result: Collection is consistent. local entities count is: 0 local entities hash is: "}
{"logTime": "0220/071419", "correlationVector":"bWMc5RzMboHdFYzHzcOdeZ.13","action":"CompareDataConsistency result: ", "result":"Compare result: Edge E Drop is consistent. local entities count is: 0 local entities hash is: "}
{"logTime": "0220/071419", "correlationVector":"bWMc5RzMboHdFYzHzcOdeZ.14","action":"CompareDataConsistency result: ", "result":"Compare result: Edge Wallet is consistent. local entities count is: 0 local entities hash is: "}
{"logTime": "0220/071419", "correlationVector":"bWMc5RzMboHdFYzHzcOdeZ.15","action":"CompareDataConsistency result: ", "result":"Server did not send this Edge Workspace local entities count is: 0 local entities hash is: "}
{"logTime": "0220/071419", "correlationVector":"u2PSFjwqcpH4Pnyu5IuV3R","action":"Commit Request", "result":"", "context":Item count: 5
Contributing types: Sessions, Device Info, User Consents}
{"logTime": "0220/071419", "correlationVector":"u2PSFjwqcpH4Pnyu5IuV3R.1","action":"SyncServerConnectionManagerRequest", "result":"SYNC_SERVER_OK", "context":{"environment":"Prod_southeastasia_prod-s01-065-apac-southeastasia", "migrationStage":"NotStarted", "server":"akswtt11100001q"}}
{"logTime": "0220/071419", "correlationVector":"u2PSFjwqcpH4Pnyu5IuV3R.2","action":"Commit Response", "result":"Success", "context":Result: Success. cV=u2PSFjwqcpH4Pnyu5IuV3R.0;server=akswtt11100001q;cloudType=Multitenant;environment=Prod_southeastasia_prod-s01-065-apac-southeastasia;migrationStage=NotStarted}
{"logTime": "0220/071419", "correlationVector":"","action":"DIAGNOSTIC_REQUEST|v1/diagnosticData/Diagnostic.SendCheckResult()|SUCCESS", "result":""}
{"logTime": "0220/071419", "correlationVector":"1w6dind3KbJfWJ+q7Njmat","action":"Commit Request", "result":"", "context":Item count: 3
Contributing types: Preferences, Sessions, History}
{"logTime": "0220/071420", "correlationVector":"1w6dind3KbJfWJ+q7Njmat.1","action":"SyncServerConnectionManagerRequest", "result":"SYNC_SERVER_OK", "context":{"environment":"Prod_southeastasia_prod-s01-065-apac-southeastasia", "migrationStage":"NotStarted", "server":"akswtt11100001t"}}
{"logTime": "0220/071420", "correlationVector":"1w6dind3KbJfWJ+q7Njmat.2","action":"Commit Response", "result":"Success", "context":Result: Success. cV=1w6dind3KbJfWJ+q7Njmat.0;server=akswtt11100001t;cloudType=Multitenant;environment=Prod_southeastasia_prod-s01-065-apac-southeastasia;migrationStage=NotStarted}
{"logTime": "0220/071443", "correlationVector":"DCFdIw9ToYDNeSPVn8ql5Y","action":"Commit Request", "result":"", "context":Item count: 1
Contributing types: Preferences}
{"logTime": "0220/071444", "correlationVector":"DCFdIw9ToYDNeSPVn8ql5Y.1","action":"SyncServerConnectionManagerRequest", "result":"SYNC_SERVER_OK", "context":{"environment":"Prod_southeastasia_prod-s01-065-apac-southeastasia", "migrationStage":"NotStarted", "server":"akswtt11100001q"}}
{"logTime": "0220/071444", "correlationVector":"DCFdIw9ToYDNeSPVn8ql5Y.2","action":"Commit Response", "result":"Success", "context":Result: Success. cV=DCFdIw9ToYDNeSPVn8ql5Y.0;server=akswtt11100001q;cloudType=Multitenant;environment=Prod_southeastasia_prod-s01-065-apac-southeastasia;migrationStage=NotStarted}
{"logTime": "0220/071512", "correlationVector":"t64kNC428PMl84BrhzzoYG","action":"Commit Request", "result":"", "context":Item count: 40
Contributing types: Passwords}
{"logTime": "0220/071515", "correlationVector":"t64kNC428PMl84BrhzzoYG.1","action":"SyncServerConnectionManagerRequest", "result":"SYNC_SERVER_OK", "context":{"environment":"Prod_southeastasia_prod-s01-065-apac-southeastasia", "migrationStage":"NotStarted", "server":"akswtt11100001l"}}
{"logTime": "0220/071515", "correlationVector":"t64kNC428PMl84BrhzzoYG.2","action":"Commit Response", "result":"Success", "context":Result: Success. cV=t64kNC428PMl84BrhzzoYG.0;server=akswtt11100001l;cloudType=Multitenant;environment=Prod_southeastasia_prod-s01-065-apac-southeastasia;migrationStage=NotStarted}
{"logTime": "0220/071515", "correlationVector":"hJmoSFnP62znSKb1+fW3lv","action":"Commit Request", "result":"", "context":Item count: 31
Contributing types: Passwords, Sessions, History}
{"logTime": "0220/071517", "correlationVector":"hJmoSFnP62znSKb1+fW3lv.1","action":"SyncServerConnectionManagerRequest", "result":"SYNC_SERVER_OK", "context":{"environment":"Prod_southeastasia_prod-s01-065-apac-southeastasia", "migrationStage":"NotStarted", "server":"akswtt111000022"}}
{"logTime": "0220/071517", "correlationVector":"hJmoSFnP62znSKb1+fW3lv.2","action":"Commit Response", "result":"Success", "context":Result: Success. cV=hJmoSFnP62znSKb1+fW3lv.0;server=akswtt111000022;cloudType=Multitenant;environment=Prod_southeastasia_prod-s01-065-apac-southeastasia;migrationStage=NotStarted}
{"logTime": "0220/071529", "correlationVector":"fueLtSvGuGe/bP3HGLU9VO","action":"Commit Request", "result":"", "context":Item count: 4
Contributing types: Preferences, Sessions, History}
{"logTime": "0220/071530", "correlationVector":"fueLtSvGuGe/bP3HGLU9VO.1","action":"SyncServerConnectionManagerRequest", "result":"SYNC_SERVER_OK", "context":{"environment":"Prod_southeastasia_prod-s01-065-apac-southeastasia", "migrationStage":"NotStarted", "server":"akswtt111000004"}}
{"logTime": "0220/071530", "correlationVector":"fueLtSvGuGe/bP3HGLU9VO.2","action":"Commit Response", "result":"Success", "context":Result: Success. cV=fueLtSvGuGe/bP3HGLU9VO.0;server=akswtt111000004;cloudType=Multitenant;environment=Prod_southeastasia_prod-s01-065-apac-southeastasia;migrationStage=NotStarted}
