2026-02-20 07:14:11.957: [INFO] VisibilityChanged: 0
2026-02-20 07:14:11.993: [INFO] RecordSyncInitDuration has_sync_been_enabled: 0 state: 0
2026-02-20 07:14:11.994: [INFO] RecordSyncInitDuration has_sync_been_enabled: 0 state: 0
2026-02-20 07:14:11.995: [INFO] RecordSyncInitDuration has_sync_been_enabled: 0 state: 0
2026-02-20 07:14:11.996: [INFO] RecordSyncInitDuration has_sync_been_enabled: 0 state: 0
2026-02-20 07:14:11.997: [INFO] RecordSyncInitDuration has_sync_been_enabled: 0 state: 0
2026-02-20 07:14:11.998: [INFO] RecordSyncInitDuration has_sync_been_enabled: 0 state: 0
2026-02-20 07:14:11.999: [INFO] RecordSyncInitDuration has_sync_been_enabled: 0 state: 0
2026-02-20 07:14:12.000: [INFO] RecordSyncInitDuration has_sync_been_enabled: 0 state: 0
2026-02-20 07:14:12.001: [INFO] RecordSyncInitDuration has_sync_been_enabled: 0 state: 0
2026-02-20 07:14:12.002: [INFO] RecordSyncInitDuration has_sync_been_enabled: 0 state: 0
2026-02-20 07:14:12.002: [INFO] RecordSyncInitDuration has_sync_been_enabled: 0 state: 0
2026-02-20 07:14:12.003: [INFO] RecordSyncInitDuration has_sync_been_enabled: 0 state: 0
2026-02-20 07:14:12.015: [INFO] BookmarkModelLoaded, ids_reassigned: 0
2026-02-20 07:14:12.015: [INFO] OnDoneLoading sync enabled: 0
2026-02-20 07:14:12.053: [INFO] RecordSyncInitDuration has_sync_been_enabled: 0 state: 0
2026-02-20 07:14:12.658: [INFO] RecordSyncInitDuration has_sync_been_enabled: 0 state: 3
2026-02-20 07:14:12.663: [INFO] Primary account changed.
2026-02-20 07:14:12.663: [INFO] OnPrimaryAccountChanged PrimaryAccountChangeEvent::Type::kSet
2026-02-20 07:14:12.665: [INFO] RecordSyncInitDuration has_sync_been_enabled: 0 state: 3
2026-02-20 07:14:15.063: [INFO] BookmarkNodeAdded, ABU: 0
2026-02-20 07:14:15.063: [INFO] BookmarkNodeAdded, ABU: 0
2026-02-20 07:14:15.064: [INFO] BookmarkNodeAdded, ABU: 0
2026-02-20 07:14:15.064: [INFO] BookmarkNodeAdded, ABU: 0
2026-02-20 07:14:17.013: [INFO] BookmarkNodeAdded, ABU: 0
2026-02-20 07:14:17.013: [INFO] BookmarkNodeAdded, ABU: 0
2026-02-20 07:14:17.013: [INFO] BookmarkNodeAdded, ABU: 0
2026-02-20 07:14:17.013: [INFO] BookmarkNodeAdded, ABU: 0
2026-02-20 07:14:17.014: [INFO] BookmarkNodeAdded, ABU: 0
2026-02-20 07:14:17.014: [INFO] BookmarkNodeAdded, ABU: 0
2026-02-20 07:14:17.014: [INFO] BookmarkNodeAdded, ABU: 0
2026-02-20 07:14:17.015: [INFO] BookmarkNodeAdded, ABU: 0
2026-02-20 07:14:17.016: [INFO] BookmarkNodeAdded, ABU: 0
2026-02-20 07:14:17.016: [INFO] BookmarkNodeAdded, ABU: 0
2026-02-20 07:14:17.016: [INFO] BookmarkNodeAdded, ABU: 0
2026-02-20 07:14:17.017: [INFO] BookmarkNodeAdded, ABU: 0
2026-02-20 07:14:17.017: [INFO] BookmarkNodeAdded, ABU: 0
2026-02-20 07:14:17.018: [INFO] BookmarkNodeAdded, ABU: 0
2026-02-20 07:14:17.018: [INFO] BookmarkNodeAdded, ABU: 0
2026-02-20 07:14:17.018: [INFO] BookmarkNodeAdded, ABU: 0
2026-02-20 07:14:17.018: [INFO] BookmarkNodeAdded, ABU: 0
2026-02-20 07:14:17.019: [INFO] BookmarkNodeAdded, ABU: 0
2026-02-20 07:14:17.019: [INFO] BookmarkNodeAdded, ABU: 0
2026-02-20 07:14:17.019: [INFO] BookmarkNodeAdded, ABU: 0
2026-02-20 07:14:17.020: [INFO] BookmarkNodeAdded, ABU: 0
2026-02-20 07:14:17.020: [INFO] BookmarkNodeAdded, ABU: 0
2026-02-20 07:14:17.020: [INFO] BookmarkNodeAdded, ABU: 0
2026-02-20 07:14:17.021: [INFO] BookmarkNodeAdded, ABU: 0
2026-02-20 07:14:17.021: [INFO] BookmarkNodeAdded, ABU: 0
2026-02-20 07:14:17.021: [INFO] BookmarkNodeAdded, ABU: 0
2026-02-20 07:14:17.022: [INFO] BookmarkNodeAdded, ABU: 0
2026-02-20 07:14:17.022: [INFO] BookmarkNodeAdded, ABU: 0
2026-02-20 07:14:17.022: [INFO] BookmarkNodeAdded, ABU: 0
2026-02-20 07:14:17.023: [INFO] BookmarkNodeAdded, ABU: 0
2026-02-20 07:14:17.023: [INFO] BookmarkNodeAdded, ABU: 0
2026-02-20 07:14:17.023: [INFO] BookmarkNodeAdded, ABU: 0
2026-02-20 07:14:17.024: [INFO] BookmarkNodeAdded, ABU: 0
2026-02-20 07:14:17.024: [INFO] BookmarkNodeAdded, ABU: 0
2026-02-20 07:14:17.024: [INFO] BookmarkNodeAdded, ABU: 0
2026-02-20 07:14:17.025: [INFO] BookmarkNodeAdded, ABU: 0
2026-02-20 07:14:17.025: [INFO] BookmarkNodeAdded, ABU: 0
2026-02-20 07:14:17.025: [INFO] BookmarkNodeAdded, ABU: 0
2026-02-20 07:14:17.026: [INFO] BookmarkNodeAdded, ABU: 0
2026-02-20 07:14:17.026: [INFO] BookmarkNodeAdded, ABU: 0
2026-02-20 07:14:17.026: [INFO] BookmarkNodeAdded, ABU: 0
2026-02-20 07:14:17.026: [INFO] BookmarkNodeAdded, ABU: 0
2026-02-20 07:14:17.027: [INFO] BookmarkNodeAdded, ABU: 0
2026-02-20 07:14:17.027: [INFO] BookmarkNodeAdded, ABU: 0
2026-02-20 07:14:17.027: [INFO] BookmarkNodeAdded, ABU: 0
2026-02-20 07:14:17.028: [INFO] BookmarkNodeAdded, ABU: 0
2026-02-20 07:14:17.028: [INFO] BookmarkNodeAdded, ABU: 0
2026-02-20 07:14:17.028: [INFO] BookmarkNodeAdded, ABU: 0
2026-02-20 07:14:17.029: [INFO] BookmarkNodeAdded, ABU: 0
2026-02-20 07:14:17.029: [INFO] BookmarkNodeAdded, ABU: 0
2026-02-20 07:14:17.029: [INFO] BookmarkNodeAdded, ABU: 0
2026-02-20 07:14:17.029: [INFO] BookmarkNodeAdded, ABU: 0
2026-02-20 07:14:17.030: [INFO] BookmarkNodeAdded, ABU: 0
2026-02-20 07:14:17.030: [INFO] BookmarkNodeAdded, ABU: 0
2026-02-20 07:14:17.030: [INFO] BookmarkNodeAdded, ABU: 0
2026-02-20 07:14:17.031: [INFO] BookmarkNodeAdded, ABU: 0
2026-02-20 07:14:17.031: [INFO] BookmarkNodeAdded, ABU: 0
2026-02-20 07:14:17.031: [INFO] BookmarkNodeAdded, ABU: 0
2026-02-20 07:14:17.032: [INFO] BookmarkNodeAdded, ABU: 0
2026-02-20 07:14:17.032: [INFO] BookmarkNodeAdded, ABU: 0
2026-02-20 07:14:17.032: [INFO] BookmarkNodeAdded, ABU: 0
2026-02-20 07:14:17.032: [INFO] BookmarkNodeAdded, ABU: 0
2026-02-20 07:14:17.033: [INFO] BookmarkNodeAdded, ABU: 0
2026-02-20 07:14:17.033: [INFO] BookmarkNodeAdded, ABU: 0
2026-02-20 07:14:17.033: [INFO] BookmarkNodeAdded, ABU: 0
2026-02-20 07:14:17.034: [INFO] BookmarkNodeAdded, ABU: 0
2026-02-20 07:14:17.034: [INFO] BookmarkNodeAdded, ABU: 0
2026-02-20 07:14:17.034: [INFO] BookmarkNodeAdded, ABU: 0
2026-02-20 07:14:17.035: [INFO] BookmarkNodeAdded, ABU: 0
2026-02-20 07:14:17.035: [INFO] BookmarkNodeAdded, ABU: 0
2026-02-20 07:14:17.035: [INFO] BookmarkNodeAdded, ABU: 0
2026-02-20 07:14:17.036: [INFO] BookmarkNodeAdded, ABU: 0
2026-02-20 07:14:17.036: [INFO] BookmarkNodeAdded, ABU: 0
2026-02-20 07:14:17.036: [INFO] BookmarkNodeAdded, ABU: 0
2026-02-20 07:14:17.037: [INFO] BookmarkNodeAdded, ABU: 0
2026-02-20 07:14:17.037: [INFO] BookmarkNodeAdded, ABU: 0
2026-02-20 07:14:17.037: [INFO] BookmarkNodeAdded, ABU: 0
2026-02-20 07:14:17.038: [INFO] BookmarkNodeAdded, ABU: 0
2026-02-20 07:14:17.038: [INFO] BookmarkNodeAdded, ABU: 0
2026-02-20 07:14:17.038: [INFO] BookmarkNodeAdded, ABU: 0
2026-02-20 07:14:17.039: [INFO] BookmarkNodeAdded, ABU: 0
2026-02-20 07:14:17.039: [INFO] BookmarkNodeAdded, ABU: 0
2026-02-20 07:14:17.040: [INFO] BookmarkNodeAdded, ABU: 0
2026-02-20 07:14:17.040: [INFO] BookmarkNodeAdded, ABU: 0
2026-02-20 07:14:17.040: [INFO] BookmarkNodeAdded, ABU: 0
2026-02-20 07:14:17.041: [INFO] BookmarkNodeAdded, ABU: 0
2026-02-20 07:14:17.041: [INFO] BookmarkNodeAdded, ABU: 0
2026-02-20 07:14:17.041: [INFO] BookmarkNodeAdded, ABU: 0
2026-02-20 07:14:17.042: [INFO] BookmarkNodeAdded, ABU: 0
2026-02-20 07:14:17.042: [INFO] BookmarkNodeAdded, ABU: 0
2026-02-20 07:14:17.042: [INFO] BookmarkNodeAdded, ABU: 0
2026-02-20 07:14:17.043: [INFO] BookmarkNodeAdded, ABU: 0
2026-02-20 07:14:17.043: [INFO] BookmarkNodeAdded, ABU: 0
2026-02-20 07:14:17.043: [INFO] BookmarkNodeAdded, ABU: 0
2026-02-20 07:14:17.044: [INFO] BookmarkNodeAdded, ABU: 0
2026-02-20 07:14:17.044: [INFO] BookmarkNodeAdded, ABU: 0
2026-02-20 07:14:17.044: [INFO] BookmarkNodeAdded, ABU: 0
2026-02-20 07:14:17.045: [INFO] BookmarkNodeAdded, ABU: 0
2026-02-20 07:14:17.045: [INFO] BookmarkNodeAdded, ABU: 0
2026-02-20 07:14:17.045: [INFO] BookmarkNodeAdded, ABU: 0
2026-02-20 07:14:17.045: [INFO] BookmarkNodeAdded, ABU: 0
2026-02-20 07:14:17.046: [INFO] BookmarkNodeAdded, ABU: 0
2026-02-20 07:14:17.046: [INFO] BookmarkNodeAdded, ABU: 0
2026-02-20 07:14:17.046: [INFO] BookmarkNodeAdded, ABU: 0
2026-02-20 07:14:17.047: [INFO] BookmarkNodeAdded, ABU: 0
2026-02-20 07:14:17.047: [INFO] BookmarkNodeAdded, ABU: 0
2026-02-20 07:14:17.047: [INFO] BookmarkNodeAdded, ABU: 0
2026-02-20 07:14:17.048: [INFO] BookmarkNodeAdded, ABU: 0
2026-02-20 07:14:17.048: [INFO] BookmarkNodeAdded, ABU: 0
2026-02-20 07:14:17.048: [INFO] BookmarkNodeAdded, ABU: 0
2026-02-20 07:14:17.049: [INFO] BookmarkNodeAdded, ABU: 0
2026-02-20 07:14:17.049: [INFO] BookmarkNodeAdded, ABU: 0
2026-02-20 07:14:17.049: [INFO] BookmarkNodeAdded, ABU: 0
2026-02-20 07:14:17.049: [INFO] BookmarkNodeMoved
2026-02-20 07:14:17.049: [INFO] BookmarkNodeMoved
2026-02-20 07:14:17.049: [INFO] BookmarkNodeMoved
2026-02-20 07:14:17.049: [INFO] ReorderChildren, Url: 0, IsFolder: 1, IsWorkspace: 0
2026-02-20 07:14:17.049: [INFO] Remove, DeletionOrigin: 19
2026-02-20 07:14:17.049: [INFO] BookmarkNodeRemoved, Url: 0, IsFolder: 1, IsWorkspace: 0
2026-02-20 07:14:17.049: [INFO] BookmarkNodeAdded, ABU: 0
2026-02-20 07:14:17.049: [INFO] Remove, DeletionOrigin: 19
2026-02-20 07:14:17.049: [INFO] BookmarkNodeRemoved, Url: 1, IsFolder: 0, IsWorkspace: 0
2026-02-20 07:14:17.050: [INFO] BookmarkNodeAdded, ABU: 0
2026-02-20 07:14:17.050: [INFO] Remove, DeletionOrigin: 19
2026-02-20 07:14:17.050: [INFO] BookmarkNodeRemoved, Url: 1, IsFolder: 0, IsWorkspace: 0
2026-02-20 07:14:17.050: [INFO] BookmarkNodeAdded, ABU: 0
2026-02-20 07:14:17.050: [INFO] Remove, DeletionOrigin: 19
2026-02-20 07:14:17.050: [INFO] BookmarkNodeRemoved, Url: 1, IsFolder: 0, IsWorkspace: 0
2026-02-20 07:14:17.050: [INFO] BookmarkNodeAdded, ABU: 0
2026-02-20 07:14:17.051: [INFO] BookmarkNodeAdded, ABU: 0
2026-02-20 07:14:17.051: [INFO] BookmarkNodeAdded, ABU: 0
2026-02-20 07:14:17.051: [INFO] BookmarkNodeAdded, ABU: 0
2026-02-20 07:14:17.052: [INFO] BookmarkNodeAdded, ABU: 0
2026-02-20 07:14:17.052: [INFO] BookmarkNodeAdded, ABU: 0
2026-02-20 07:14:17.052: [INFO] BookmarkNodeAdded, ABU: 0
2026-02-20 07:14:17.423: [INFO] Sync initialization duration: 4374ms
